mode: set
github.com/BedIsTooFarAway/effective-go/url.go:10.41,14.11 2 1
github.com/BedIsTooFarAway/effective-go/url.go:17.2,20.42 3 1
github.com/BedIsTooFarAway/effective-go/url.go:24.2,24.38 1 1
github.com/BedIsTooFarAway/effective-go/url.go:14.11,16.3 1 1
github.com/BedIsTooFarAway/effective-go/url.go:20.42,22.3 1 1
github.com/BedIsTooFarAway/effective-go/url.go:28.31,30.2 1 1
github.com/BedIsTooFarAway/effective-go/url.go:32.33,34.11 2 1
github.com/BedIsTooFarAway/effective-go/url.go:37.2,37.19 1 1
github.com/BedIsTooFarAway/effective-go/url.go:34.11,36.3 1 1
github.com/BedIsTooFarAway/effective-go/url.go:40.29,42.11 2 1
github.com/BedIsTooFarAway/effective-go/url.go:45.2,45.21 1 1
github.com/BedIsTooFarAway/effective-go/url.go:42.11,44.3 1 1
